2025-10-04 21:10:02.300 [Test worker] INFO  [,] j.a.r.config.MultiLanguageConfigTest - Starting MultiLanguageConfigTest using Java 21.0.6 with PID 97059 (started by niuyuping in /Users/niuyuping/Downloads/revenue-calculator-backend-employee)
2025-10-04 21:10:02.303 [Test worker] INFO  [,] j.a.r.config.MultiLanguageConfigTest - No active profile set, falling back to 1 default profile: "default"
2025-10-04 21:10:05.547 [Test worker] INFO  [,] o.s.d.r.c.RepositoryConfigurationDelegate - Multiple Spring Data modules found, entering strict repository configuration mode
2025-10-04 21:10:05.551 [Test worker] INFO  [,] o.s.d.r.c.RepositoryConfigurationDelegate - Bootstrapping Spring Data R2DBC repositories in DEFAULT mode.
2025-10-04 21:10:06.040 [Test worker] INFO  [,] o.s.d.r.c.RepositoryConfigurationDelegate - Finished Spring Data repository scanning in 473 ms. Found 1 R2DBC repository interface.
2025-10-04 21:10:06.162 [Test worker] INFO  [,] o.s.d.r.c.RepositoryConfigurationDelegate - Multiple Spring Data modules found, entering strict repository configuration mode
2025-10-04 21:10:06.164 [Test worker] INFO  [,] o.s.d.r.c.RepositoryConfigurationDelegate - Bootstrapping Spring Data Redis repositories in DEFAULT mode.
2025-10-04 21:10:06.210 [Test worker] INFO  [,] o.s.d.r.c.RepositoryConfigurationExtensionSupport - Spring Data Redis - Could not safely identify store assignment for repository candidate interface jp.asatex.revenue_calculator_backend_employee.repository.EmployeeRepository; If you want this repository to be a Redis repository, consider annotating your entities with one of these annotations: org.springframework.data.redis.core.RedisHash (preferred), or consider extending one of the following types with your repository: org.springframework.data.keyvalue.repository.KeyValueRepository
2025-10-04 21:10:06.210 [Test worker] INFO  [,] o.s.d.r.c.RepositoryConfigurationDelegate - Finished Spring Data repository scanning in 23 ms. Found 0 Redis repository interfaces.
2025-10-04 21:10:07.210 [Test worker] WARN  [,] o.s.c.s.PostProcessorRegistrationDelegate$BeanPostProcessorChecker - Bean 'validationConfig' of type [jp.asatex.revenue_calculator_backend_employee.config.ValidationConfig$$SpringCGLIB$$0] is not eligible for getting processed by all BeanPostProcessors (for example: not eligible for auto-proxying). The currently created BeanPostProcessor [methodValidationPostProcessor] is declared through a non-static factory method on that class; consider declaring it as static instead.
2025-10-04 21:10:07.238 [Test worker] WARN  [,] o.s.c.s.PostProcessorRegistrationDelegate$BeanPostProcessorChecker - Bean 'validator' of type [org.springframework.validation.beanvalidation.LocalValidatorFactoryBean] is not eligible for getting processed by all BeanPostProcessors (for example: not eligible for auto-proxying). Is this bean getting eagerly injected/applied to a currently created BeanPostProcessor [methodValidationPostProcessor]? Check the corresponding BeanPostProcessor declaration and its dependencies/advisors. If this bean does not have to be post-processed, declare it with ROLE_INFRASTRUCTURE.
2025-10-04 21:10:07.721 [Test worker] DEBUG [,] io.r2dbc.postgresql.Extensions - Discovering Extensions using ServiceLoader
2025-10-04 21:10:07.726 [Test worker] DEBUG [,] io.r2dbc.postgresql.Extensions - Registering extension io.r2dbc.postgresql.codec.BuiltinDynamicCodecs
2025-10-04 21:10:10.499 [Test worker] DEBUG [,] o.s.w.r.r.m.a.RequestMappingHandlerMapping - 16 mappings in 'requestMappingHandlerMapping'
2025-10-04 21:10:10.549 [Test worker] DEBUG [,] o.s.w.r.h.SimpleUrlHandlerMapping - Patterns [/webjars/**, /**, /webjars/swagger-ui/**, /swagger-ui/**] in 'resourceHandlerMapping'
2025-10-04 21:10:10.812 [Test worker] INFO  [,] o.s.b.a.e.web.EndpointLinksResolver - Exposing 4 endpoints beneath base path '/actuator'
2025-10-04 21:10:10.896 [Test worker] DEBUG [,] o.s.w.r.r.m.a.ControllerMethodResolver - ControllerAdvice beans: 0 @ModelAttribute, 0 @InitBinder, 2 @ExceptionHandler
2025-10-04 21:10:12.838 [Test worker] INFO  [,] org.flywaydb.core.FlywayExecutor - Database: jdbc:postgresql://localhost:5432/asatex-revenue (PostgreSQL 17.4)
2025-10-04 21:10:12.933 [Test worker] INFO  [,] o.f.core.internal.command.DbValidate - Successfully validated 3 migrations (execution time 00:00.049s)
2025-10-04 21:10:13.009 [Test worker] INFO  [,] o.f.core.internal.command.DbMigrate - Current version of schema "public": 3
2025-10-04 21:10:13.016 [Test worker] INFO  [,] o.f.core.internal.command.DbMigrate - Schema "public" is up to date. No migration necessary.
2025-10-04 21:10:13.463 [Test worker] INFO  [,] j.a.r.config.MultiLanguageConfigTest - Started MultiLanguageConfigTest in 11.74 seconds (process running for 14.304)
2025-10-04 21:10:29.365 [Test worker] INFO  [,] j.a.r.config.MultiLanguageConfigTest - Starting MultiLanguageConfigTest using Java 21.0.6 with PID 97302 (started by niuyuping in /Users/niuyuping/Downloads/revenue-calculator-backend-employee)
2025-10-04 21:10:29.368 [Test worker] INFO  [,] j.a.r.config.MultiLanguageConfigTest - No active profile set, falling back to 1 default profile: "default"
2025-10-04 21:10:32.336 [Test worker] INFO  [,] o.s.d.r.c.RepositoryConfigurationDelegate - Multiple Spring Data modules found, entering strict repository configuration mode
2025-10-04 21:10:32.341 [Test worker] INFO  [,] o.s.d.r.c.RepositoryConfigurationDelegate - Bootstrapping Spring Data R2DBC repositories in DEFAULT mode.
2025-10-04 21:10:33.054 [Test worker] INFO  [,] o.s.d.r.c.RepositoryConfigurationDelegate - Finished Spring Data repository scanning in 677 ms. Found 1 R2DBC repository interface.
2025-10-04 21:10:33.177 [Test worker] INFO  [,] o.s.d.r.c.RepositoryConfigurationDelegate - Multiple Spring Data modules found, entering strict repository configuration mode
2025-10-04 21:10:33.179 [Test worker] INFO  [,] o.s.d.r.c.RepositoryConfigurationDelegate - Bootstrapping Spring Data Redis repositories in DEFAULT mode.
2025-10-04 21:10:33.224 [Test worker] INFO  [,] o.s.d.r.c.RepositoryConfigurationExtensionSupport - Spring Data Redis - Could not safely identify store assignment for repository candidate interface jp.asatex.revenue_calculator_backend_employee.repository.EmployeeRepository; If you want this repository to be a Redis repository, consider annotating your entities with one of these annotations: org.springframework.data.redis.core.RedisHash (preferred), or consider extending one of the following types with your repository: org.springframework.data.keyvalue.repository.KeyValueRepository
2025-10-04 21:10:33.226 [Test worker] INFO  [,] o.s.d.r.c.RepositoryConfigurationDelegate - Finished Spring Data repository scanning in 25 ms. Found 0 Redis repository interfaces.
2025-10-04 21:10:34.230 [Test worker] WARN  [,] o.s.c.s.PostProcessorRegistrationDelegate$BeanPostProcessorChecker - Bean 'validationConfig' of type [jp.asatex.revenue_calculator_backend_employee.config.ValidationConfig$$SpringCGLIB$$0] is not eligible for getting processed by all BeanPostProcessors (for example: not eligible for auto-proxying). The currently created BeanPostProcessor [methodValidationPostProcessor] is declared through a non-static factory method on that class; consider declaring it as static instead.
2025-10-04 21:10:34.256 [Test worker] WARN  [,] o.s.c.s.PostProcessorRegistrationDelegate$BeanPostProcessorChecker - Bean 'validator' of type [org.springframework.validation.beanvalidation.LocalValidatorFactoryBean] is not eligible for getting processed by all BeanPostProcessors (for example: not eligible for auto-proxying). Is this bean getting eagerly injected/applied to a currently created BeanPostProcessor [methodValidationPostProcessor]? Check the corresponding BeanPostProcessor declaration and its dependencies/advisors. If this bean does not have to be post-processed, declare it with ROLE_INFRASTRUCTURE.
2025-10-04 21:10:34.690 [Test worker] DEBUG [,] io.r2dbc.postgresql.Extensions - Discovering Extensions using ServiceLoader
2025-10-04 21:10:34.692 [Test worker] DEBUG [,] io.r2dbc.postgresql.Extensions - Registering extension io.r2dbc.postgresql.codec.BuiltinDynamicCodecs
2025-10-04 21:10:37.205 [Test worker] DEBUG [,] o.s.w.r.r.m.a.RequestMappingHandlerMapping - 16 mappings in 'requestMappingHandlerMapping'
2025-10-04 21:10:37.260 [Test worker] DEBUG [,] o.s.w.r.h.SimpleUrlHandlerMapping - Patterns [/webjars/**, /**, /webjars/swagger-ui/**, /swagger-ui/**] in 'resourceHandlerMapping'
2025-10-04 21:10:37.556 [Test worker] INFO  [,] o.s.b.a.e.web.EndpointLinksResolver - Exposing 4 endpoints beneath base path '/actuator'
2025-10-04 21:10:37.642 [Test worker] DEBUG [,] o.s.w.r.r.m.a.ControllerMethodResolver - ControllerAdvice beans: 0 @ModelAttribute, 0 @InitBinder, 2 @ExceptionHandler
2025-10-04 21:10:39.361 [Test worker] INFO  [,] org.flywaydb.core.FlywayExecutor - Database: jdbc:postgresql://localhost:5432/asatex-revenue (PostgreSQL 17.4)
2025-10-04 21:10:39.453 [Test worker] INFO  [,] o.f.core.internal.command.DbValidate - Successfully validated 3 migrations (execution time 00:00.048s)
2025-10-04 21:10:39.541 [Test worker] INFO  [,] o.f.core.internal.command.DbMigrate - Current version of schema "public": 3
2025-10-04 21:10:39.545 [Test worker] INFO  [,] o.f.core.internal.command.DbMigrate - Schema "public" is up to date. No migration necessary.
2025-10-04 21:10:40.017 [Test worker] INFO  [,] j.a.r.config.MultiLanguageConfigTest - Started MultiLanguageConfigTest in 11.305 seconds (process running for 13.643)
2025-10-04 21:11:08.883 [Test worker] INFO  [,] j.a.r.config.MultiLanguageConfigTest - Starting MultiLanguageConfigTest using Java 21.0.6 with PID 97593 (started by niuyuping in /Users/niuyuping/Downloads/revenue-calculator-backend-employee)
2025-10-04 21:11:08.886 [Test worker] INFO  [,] j.a.r.config.MultiLanguageConfigTest - No active profile set, falling back to 1 default profile: "default"
2025-10-04 21:11:11.711 [Test worker] INFO  [,] o.s.d.r.c.RepositoryConfigurationDelegate - Multiple Spring Data modules found, entering strict repository configuration mode
2025-10-04 21:11:11.715 [Test worker] INFO  [,] o.s.d.r.c.RepositoryConfigurationDelegate - Bootstrapping Spring Data R2DBC repositories in DEFAULT mode.
2025-10-04 21:11:12.302 [Test worker] INFO  [,] o.s.d.r.c.RepositoryConfigurationDelegate - Finished Spring Data repository scanning in 573 ms. Found 1 R2DBC repository interface.
2025-10-04 21:11:12.619 [Test worker] INFO  [,] o.s.d.r.c.RepositoryConfigurationDelegate - Multiple Spring Data modules found, entering strict repository configuration mode
2025-10-04 21:11:12.623 [Test worker] INFO  [,] o.s.d.r.c.RepositoryConfigurationDelegate - Bootstrapping Spring Data Redis repositories in DEFAULT mode.
2025-10-04 21:11:12.671 [Test worker] INFO  [,] o.s.d.r.c.RepositoryConfigurationExtensionSupport - Spring Data Redis - Could not safely identify store assignment for repository candidate interface jp.asatex.revenue_calculator_backend_employee.repository.EmployeeRepository; If you want this repository to be a Redis repository, consider annotating your entities with one of these annotations: org.springframework.data.redis.core.RedisHash (preferred), or consider extending one of the following types with your repository: org.springframework.data.keyvalue.repository.KeyValueRepository
2025-10-04 21:11:12.672 [Test worker] INFO  [,] o.s.d.r.c.RepositoryConfigurationDelegate - Finished Spring Data repository scanning in 23 ms. Found 0 Redis repository interfaces.
2025-10-04 21:11:13.682 [Test worker] WARN  [,] o.s.c.s.PostProcessorRegistrationDelegate$BeanPostProcessorChecker - Bean 'validationConfig' of type [jp.asatex.revenue_calculator_backend_employee.config.ValidationConfig$$SpringCGLIB$$0] is not eligible for getting processed by all BeanPostProcessors (for example: not eligible for auto-proxying). The currently created BeanPostProcessor [methodValidationPostProcessor] is declared through a non-static factory method on that class; consider declaring it as static instead.
2025-10-04 21:11:13.707 [Test worker] WARN  [,] o.s.c.s.PostProcessorRegistrationDelegate$BeanPostProcessorChecker - Bean 'validator' of type [org.springframework.validation.beanvalidation.LocalValidatorFactoryBean] is not eligible for getting processed by all BeanPostProcessors (for example: not eligible for auto-proxying). Is this bean getting eagerly injected/applied to a currently created BeanPostProcessor [methodValidationPostProcessor]? Check the corresponding BeanPostProcessor declaration and its dependencies/advisors. If this bean does not have to be post-processed, declare it with ROLE_INFRASTRUCTURE.
2025-10-04 21:11:14.162 [Test worker] DEBUG [,] io.r2dbc.postgresql.Extensions - Discovering Extensions using ServiceLoader
2025-10-04 21:11:14.165 [Test worker] DEBUG [,] io.r2dbc.postgresql.Extensions - Registering extension io.r2dbc.postgresql.codec.BuiltinDynamicCodecs
2025-10-04 21:11:16.093 [Test worker] DEBUG [,] o.s.w.r.r.m.a.RequestMappingHandlerMapping - 16 mappings in 'requestMappingHandlerMapping'
2025-10-04 21:11:16.123 [Test worker] DEBUG [,] o.s.w.r.h.SimpleUrlHandlerMapping - Patterns [/webjars/**, /**, /webjars/swagger-ui/**, /swagger-ui/**] in 'resourceHandlerMapping'
2025-10-04 21:11:16.381 [Test worker] INFO  [,] o.s.b.a.e.web.EndpointLinksResolver - Exposing 4 endpoints beneath base path '/actuator'
2025-10-04 21:11:16.463 [Test worker] DEBUG [,] o.s.w.r.r.m.a.ControllerMethodResolver - ControllerAdvice beans: 0 @ModelAttribute, 0 @InitBinder, 2 @ExceptionHandler
2025-10-04 21:11:18.240 [Test worker] INFO  [,] org.flywaydb.core.FlywayExecutor - Database: jdbc:postgresql://localhost:5432/asatex-revenue (PostgreSQL 17.4)
2025-10-04 21:11:18.326 [Test worker] INFO  [,] o.f.core.internal.command.DbValidate - Successfully validated 3 migrations (execution time 00:00.044s)
2025-10-04 21:11:18.424 [Test worker] INFO  [,] o.f.core.internal.command.DbMigrate - Current version of schema "public": 3
2025-10-04 21:11:18.429 [Test worker] INFO  [,] o.f.core.internal.command.DbMigrate - Schema "public" is up to date. No migration necessary.
2025-10-04 21:11:18.799 [Test worker] INFO  [,] j.a.r.config.MultiLanguageConfigTest - Started MultiLanguageConfigTest in 10.485 seconds (process running for 12.765)
2025-10-04 21:11:48.859 [Test worker] INFO  [,] j.a.r.config.MultiLanguageConfigTest - Starting MultiLanguageConfigTest using Java 21.0.6 with PID 97892 (started by niuyuping in /Users/niuyuping/Downloads/revenue-calculator-backend-employee)
2025-10-04 21:11:48.861 [Test worker] INFO  [,] j.a.r.config.MultiLanguageConfigTest - No active profile set, falling back to 1 default profile: "default"
2025-10-04 21:11:51.759 [Test worker] INFO  [,] o.s.d.r.c.RepositoryConfigurationDelegate - Multiple Spring Data modules found, entering strict repository configuration mode
2025-10-04 21:11:51.762 [Test worker] INFO  [,] o.s.d.r.c.RepositoryConfigurationDelegate - Bootstrapping Spring Data R2DBC repositories in DEFAULT mode.
2025-10-04 21:11:52.241 [Test worker] INFO  [,] o.s.d.r.c.RepositoryConfigurationDelegate - Finished Spring Data repository scanning in 463 ms. Found 1 R2DBC repository interface.
2025-10-04 21:11:52.376 [Test worker] INFO  [,] o.s.d.r.c.RepositoryConfigurationDelegate - Multiple Spring Data modules found, entering strict repository configuration mode
2025-10-04 21:11:52.379 [Test worker] INFO  [,] o.s.d.r.c.RepositoryConfigurationDelegate - Bootstrapping Spring Data Redis repositories in DEFAULT mode.
2025-10-04 21:11:52.610 [Test worker] INFO  [,] o.s.d.r.c.RepositoryConfigurationExtensionSupport - Spring Data Redis - Could not safely identify store assignment for repository candidate interface jp.asatex.revenue_calculator_backend_employee.repository.EmployeeRepository; If you want this repository to be a Redis repository, consider annotating your entities with one of these annotations: org.springframework.data.redis.core.RedisHash (preferred), or consider extending one of the following types with your repository: org.springframework.data.keyvalue.repository.KeyValueRepository
2025-10-04 21:11:52.613 [Test worker] INFO  [,] o.s.d.r.c.RepositoryConfigurationDelegate - Finished Spring Data repository scanning in 116 ms. Found 0 Redis repository interfaces.
2025-10-04 21:11:53.599 [Test worker] WARN  [,] o.s.c.s.PostProcessorRegistrationDelegate$BeanPostProcessorChecker - Bean 'validationConfig' of type [jp.asatex.revenue_calculator_backend_employee.config.ValidationConfig$$SpringCGLIB$$0] is not eligible for getting processed by all BeanPostProcessors (for example: not eligible for auto-proxying). The currently created BeanPostProcessor [methodValidationPostProcessor] is declared through a non-static factory method on that class; consider declaring it as static instead.
2025-10-04 21:11:53.624 [Test worker] WARN  [,] o.s.c.s.PostProcessorRegistrationDelegate$BeanPostProcessorChecker - Bean 'validator' of type [org.springframework.validation.beanvalidation.LocalValidatorFactoryBean] is not eligible for getting processed by all BeanPostProcessors (for example: not eligible for auto-proxying). Is this bean getting eagerly injected/applied to a currently created BeanPostProcessor [methodValidationPostProcessor]? Check the corresponding BeanPostProcessor declaration and its dependencies/advisors. If this bean does not have to be post-processed, declare it with ROLE_INFRASTRUCTURE.
2025-10-04 21:11:54.058 [Test worker] DEBUG [,] io.r2dbc.postgresql.Extensions - Discovering Extensions using ServiceLoader
2025-10-04 21:11:54.060 [Test worker] DEBUG [,] io.r2dbc.postgresql.Extensions - Registering extension io.r2dbc.postgresql.codec.BuiltinDynamicCodecs
2025-10-04 21:11:56.052 [Test worker] DEBUG [,] o.s.w.r.r.m.a.RequestMappingHandlerMapping - 16 mappings in 'requestMappingHandlerMapping'
2025-10-04 21:11:56.088 [Test worker] DEBUG [,] o.s.w.r.h.SimpleUrlHandlerMapping - Patterns [/webjars/**, /**, /webjars/swagger-ui/**, /swagger-ui/**] in 'resourceHandlerMapping'
2025-10-04 21:11:56.299 [Test worker] INFO  [,] o.s.b.a.e.web.EndpointLinksResolver - Exposing 4 endpoints beneath base path '/actuator'
2025-10-04 21:11:56.378 [Test worker] DEBUG [,] o.s.w.r.r.m.a.ControllerMethodResolver - ControllerAdvice beans: 0 @ModelAttribute, 0 @InitBinder, 2 @ExceptionHandler
2025-10-04 21:11:58.138 [Test worker] INFO  [,] org.flywaydb.core.FlywayExecutor - Database: jdbc:postgresql://localhost:5432/asatex-revenue (PostgreSQL 17.4)
2025-10-04 21:11:58.250 [Test worker] INFO  [,] o.f.core.internal.command.DbValidate - Successfully validated 3 migrations (execution time 00:00.062s)
2025-10-04 21:11:58.332 [Test worker] INFO  [,] o.f.core.internal.command.DbMigrate - Current version of schema "public": 3
2025-10-04 21:11:58.338 [Test worker] INFO  [,] o.f.core.internal.command.DbMigrate - Schema "public" is up to date. No migration necessary.
2025-10-04 21:11:58.690 [Test worker] INFO  [,] j.a.r.config.MultiLanguageConfigTest - Started MultiLanguageConfigTest in 10.409 seconds (process running for 12.76)
